2025-03-13T13:02:29.201Z [INFO]: 2025-03-13T13:02:29.201Z GET / 404 7.045 ms
2025-03-13T13:02:33.069Z [INFO]: 2025-03-13T13:02:33.069Z GET /location 200 4.703 ms
2025-03-13T13:02:33.101Z [INFO]: 2025-03-13T13:02:33.101Z GET /scripts/location.js 200 3.505 ms
2025-03-13T13:02:33.156Z [INFO]: 2025-03-13T13:02:33.156Z GET /css/bundle.min.css 200 2.925 ms
2025-03-13T13:02:33.189Z [INFO]: 2025-03-13T13:02:33.189Z GET /js/bundle.min.js 200 4.651 ms
2025-03-13T13:02:33.406Z [INFO]: 2025-03-13T13:02:33.406Z GET /api/locations?_=1741870953254 200 5.348 ms
2025-03-13T13:02:33.409Z [INFO]: 2025-03-13T13:02:33.409Z GET /api/states 304 6.120 ms
2025-03-13T13:02:35.016Z [INFO]: 2025-03-13T13:02:35.016Z GET /favicon.ico 404 1.437 ms
2025-03-13T13:02:40.218Z [INFO]: Fetching location for "Flamingo Las Vegas" from OpenStreetMap
2025-03-13T13:02:40.797Z [INFO]: Cached find location results for "Flamingo Las Vegas"
2025-03-13T13:02:40.799Z [INFO]: 2025-03-13T13:02:40.799Z GET /api/findlocation?q=Flamingo%20Las%20Vegas 304 580.261 ms
2025-03-13T13:02:45.317Z [INFO]: 2025-03-13T13:02:45.317Z POST /api/locations 200 13.865 ms
2025-03-13T13:02:46.267Z [INFO]: 2025-03-13T13:02:46.267Z GET /api/locations?_=1741870953255 200 1.898 ms
2025-03-13T13:02:50.838Z [INFO]: 2025-03-13T13:02:50.837Z DELETE /api/locations/5 200 12.728 ms
2025-03-13T13:02:52.029Z [INFO]: 2025-03-13T13:02:52.029Z GET /api/locations?_=1741870953256 200 1.444 ms
2025-03-13T13:20:19.486Z [INFO]: 2025-03-13T13:20:19.486Z GET /location 200 5.297 ms
2025-03-13T13:20:19.511Z [INFO]: 2025-03-13T13:20:19.511Z GET /css/bundle.min.css 304 1.457 ms
2025-03-13T13:20:19.512Z [INFO]: 2025-03-13T13:20:19.512Z GET /js/bundle.min.js 304 1.997 ms
2025-03-13T13:20:19.514Z [INFO]: 2025-03-13T13:20:19.514Z GET /scripts/location.js 304 0.947 ms
2025-03-13T13:20:19.616Z [INFO]: 2025-03-13T13:20:19.616Z GET /api/locations?_=1741872019523 200 2.253 ms
2025-03-13T13:20:19.624Z [INFO]: 2025-03-13T13:20:19.624Z GET /api/states 304 1.915 ms
2025-03-13T13:20:39.983Z [INFO]: Fetching location for "Hollywood Bowl" from OpenStreetMap
2025-03-13T13:20:40.391Z [INFO]: Cached find location results for "Hollywood Bowl"
2025-03-13T13:20:40.392Z [INFO]: 2025-03-13T13:20:40.392Z GET /api/findlocation?q=Hollywood%20Bowl 304 408.201 ms
2025-03-13T13:20:44.247Z [INFO]: 2025-03-13T13:20:44.247Z POST /api/locations 200 13.024 ms
2025-03-13T13:20:45.189Z [INFO]: 2025-03-13T13:20:45.189Z GET /api/locations?_=1741872019524 200 1.195 ms
2025-03-13T13:24:28.586Z [INFO]: 2025-03-13T13:24:28.586Z GET /location 200 1.570 ms
2025-03-13T13:24:28.604Z [INFO]: 2025-03-13T13:24:28.604Z GET /css/bundle.min.css 304 1.492 ms
2025-03-13T13:24:28.605Z [INFO]: 2025-03-13T13:24:28.605Z GET /js/bundle.min.js 304 1.932 ms
2025-03-13T13:24:28.607Z [INFO]: 2025-03-13T13:24:28.606Z GET /scripts/location.js 304 2.357 ms
2025-03-13T13:24:28.717Z [INFO]: 2025-03-13T13:24:28.717Z GET /api/locations?_=1741872268652 200 1.643 ms
2025-03-13T13:24:28.726Z [INFO]: 2025-03-13T13:24:28.726Z GET /api/states 304 3.162 ms
2025-03-13T14:11:15.923Z [INFO]: 2025-03-13T14:11:15.921Z GET /location 200 9.170 ms
2025-03-13T14:11:15.940Z [INFO]: 2025-03-13T14:11:15.940Z GET /scripts/location.js 200 1.964 ms
2025-03-13T14:13:09.965Z [INFO]: 2025-03-13T14:13:09.964Z GET /location 200 8.720 ms
2025-03-13T14:13:09.985Z [INFO]: 2025-03-13T14:13:09.985Z GET /scripts/location.js 404 2.357 ms
2025-03-13T14:13:09.990Z [INFO]: 2025-03-13T14:13:09.990Z GET /css/bundle.min.css 200 5.019 ms
2025-03-13T14:13:35.047Z [INFO]: 2025-03-13T14:13:35.047Z GET /location 200 1.287 ms
2025-03-13T14:13:35.070Z [INFO]: 2025-03-13T14:13:35.070Z GET /css/bundles.min.css 404 2.250 ms
2025-03-13T14:13:35.073Z [INFO]: 2025-03-13T14:13:35.072Z GET /scripts/location.js 404 3.818 ms
2025-03-13T14:13:38.094Z [INFO]: 2025-03-13T14:13:38.094Z GET /location 200 1.443 ms
2025-03-13T14:13:38.119Z [INFO]: 2025-03-13T14:13:38.119Z GET /css/bundle.min.css 304 2.410 ms
2025-03-13T14:13:38.121Z [INFO]: 2025-03-13T14:13:38.121Z GET /scripts/location.js 404 2.775 ms
2025-03-13T14:14:22.059Z [INFO]: 2025-03-13T14:14:22.059Z GET /location 200 1.915 ms
2025-03-13T14:14:22.078Z [INFO]: 2025-03-13T14:14:22.078Z GET /css/bundle.min.css 304 1.000 ms
2025-03-13T14:14:22.080Z [INFO]: 2025-03-13T14:14:22.080Z GET /scripts/location.js 404 1.925 ms
2025-03-13T14:14:31.678Z [INFO]: 2025-03-13T14:14:31.678Z GET /location 304 1.332 ms
2025-03-13T14:14:31.701Z [INFO]: 2025-03-13T14:14:31.700Z GET /css/bundle.min.css 304 1.260 ms
2025-03-13T14:14:31.702Z [INFO]: 2025-03-13T14:14:31.702Z GET /scripts/location.js 404 2.110 ms
2025-03-13T14:16:05.116Z [INFO]: 2025-03-13T14:16:05.115Z GET /location 200 11.639 ms
2025-03-13T14:16:05.133Z [INFO]: 2025-03-13T14:16:05.133Z GET /css/bundles.min.css 404 2.692 ms
2025-03-13T14:16:05.137Z [INFO]: 2025-03-13T14:16:05.137Z GET /scripts/location.js 200 4.740 ms
2025-03-13T14:16:12.093Z [INFO]: 2025-03-13T14:16:12.093Z GET /location 200 1.394 ms
2025-03-13T14:16:12.114Z [INFO]: 2025-03-13T14:16:12.114Z GET /scripts/location.js 304 1.092 ms
2025-03-13T14:16:12.118Z [INFO]: 2025-03-13T14:16:12.118Z GET /css/bundle.min.css 200 3.592 ms
2025-03-13T14:16:55.896Z [INFO]: 2025-03-13T14:16:55.896Z GET /location 200 1.330 ms
2025-03-13T14:16:55.917Z [INFO]: 2025-03-13T14:16:55.917Z GET /scripts/location.js 304 2.296 ms
2025-03-13T14:16:55.919Z [INFO]: 2025-03-13T14:16:55.919Z GET /css/bundle.min.css 304 3.479 ms
2025-03-13T14:16:55.929Z [INFO]: 2025-03-13T14:16:55.929Z GET /js/bundle.min.js 200 4.712 ms
2025-03-13T14:16:56.028Z [INFO]: 2025-03-13T14:16:56.028Z GET /api/locations?_=1741875415955 200 4.740 ms
2025-03-13T14:16:56.029Z [INFO]: 2025-03-13T14:16:56.029Z GET /api/states 304 4.903 ms
2025-03-13T14:17:46.921Z [INFO]: 2025-03-13T14:17:46.921Z GET /location 200 1.475 ms
2025-03-13T14:17:46.947Z [INFO]: 2025-03-13T14:17:46.947Z GET /css/bundle.min.css 304 1.496 ms
2025-03-13T14:17:46.948Z [INFO]: 2025-03-13T14:17:46.948Z GET /js/bundle.min.js 304 2.113 ms
2025-03-13T14:17:46.951Z [INFO]: 2025-03-13T14:17:46.951Z GET /scripts/location.js 304 0.832 ms
2025-03-13T14:17:47.044Z [INFO]: 2025-03-13T14:17:47.044Z GET /api/locations?_=1741875466955 200 1.936 ms
2025-03-13T14:17:47.046Z [INFO]: 2025-03-13T14:17:47.046Z GET /api/states 304 3.184 ms
2025-03-13T14:18:26.706Z [INFO]: 2025-03-13T14:18:26.706Z GET /location 200 1.123 ms
2025-03-13T14:18:26.731Z [INFO]: 2025-03-13T14:18:26.731Z GET /css/bundle.min.css 304 0.731 ms
2025-03-13T14:18:26.733Z [INFO]: 2025-03-13T14:18:26.733Z GET /js/bundle.min.js 304 0.863 ms
2025-03-13T14:18:26.734Z [INFO]: 2025-03-13T14:18:26.734Z GET /scripts/location.js 304 1.328 ms
2025-03-13T14:18:26.804Z [INFO]: 2025-03-13T14:18:26.803Z GET /api/locations?_=1741875506753 200 2.638 ms
2025-03-13T14:18:26.806Z [INFO]: 2025-03-13T14:18:26.806Z GET /api/states 304 3.931 ms
2025-03-13T14:19:44.857Z [INFO]: 2025-03-13T14:19:44.857Z GET /location 200 1.264 ms
2025-03-13T14:19:44.879Z [INFO]: 2025-03-13T14:19:44.879Z GET /css/bundle.min.css 304 1.846 ms
2025-03-13T14:19:44.879Z [INFO]: 2025-03-13T14:19:44.879Z GET /js/bundle.min.js 304 2.043 ms
2025-03-13T14:19:44.881Z [INFO]: 2025-03-13T14:19:44.881Z GET /scripts/location.js 304 0.446 ms
2025-03-13T14:19:44.958Z [INFO]: 2025-03-13T14:19:44.958Z GET /api/locations?_=1741875584894 200 1.533 ms
2025-03-13T14:19:44.960Z [INFO]: 2025-03-13T14:19:44.960Z GET /api/states 304 2.906 ms
2025-03-13T14:19:51.769Z [INFO]: 2025-03-13T14:19:51.769Z GET /location 200 1.123 ms
2025-03-13T14:19:51.791Z [INFO]: 2025-03-13T14:19:51.791Z GET /css/bundle.min.css 304 1.145 ms
2025-03-13T14:19:51.792Z [INFO]: 2025-03-13T14:19:51.792Z GET /js/bundle.min.js 304 1.342 ms
2025-03-13T14:19:51.794Z [INFO]: 2025-03-13T14:19:51.794Z GET /scripts/location.js 304 0.509 ms
2025-03-13T14:19:51.853Z [INFO]: 2025-03-13T14:19:51.853Z GET /api/locations?_=1741875591803 200 2.939 ms
2025-03-13T14:19:51.855Z [INFO]: 2025-03-13T14:19:51.855Z GET /api/states 304 3.535 ms
2025-03-13T14:21:18.840Z [INFO]: 2025-03-13T14:21:18.840Z GET /location 200 1.291 ms
2025-03-13T14:21:18.864Z [INFO]: 2025-03-13T14:21:18.864Z GET /css/bundle.min.css 304 1.177 ms
2025-03-13T14:21:18.866Z [INFO]: 2025-03-13T14:21:18.866Z GET /js/bundle.min.js 304 1.935 ms
2025-03-13T14:21:18.866Z [INFO]: 2025-03-13T14:21:18.866Z GET /scripts/location.js 304 1.318 ms
2025-03-13T14:21:18.949Z [INFO]: 2025-03-13T14:21:18.949Z GET /api/locations?_=1741875678874 200 1.699 ms
2025-03-13T14:21:18.952Z [INFO]: 2025-03-13T14:21:18.951Z GET /api/states 304 1.354 ms
2025-03-13T14:23:27.682Z [INFO]: 2025-03-13T14:23:27.682Z GET /location 200 1.886 ms
2025-03-13T14:23:27.702Z [INFO]: 2025-03-13T14:23:27.702Z GET /css/bundle.min.css 304 1.045 ms
2025-03-13T14:23:27.703Z [INFO]: 2025-03-13T14:23:27.703Z GET /js/bundle.min.js 304 1.427 ms
2025-03-13T14:23:27.706Z [INFO]: 2025-03-13T14:23:27.706Z GET /scripts/location.js 304 0.743 ms
2025-03-13T14:23:27.808Z [INFO]: 2025-03-13T14:23:27.808Z GET /api/locations?_=1741875807736 200 1.980 ms
2025-03-13T14:23:27.811Z [INFO]: 2025-03-13T14:23:27.811Z GET /api/states 304 1.254 ms
2025-03-13T14:31:38.000Z [INFO]: 2025-03-13T14:31:38.000Z GET /location 200 1.138 ms
2025-03-13T14:31:38.021Z [INFO]: 2025-03-13T14:31:38.021Z GET /css/bundle.min.css 304 0.990 ms
2025-03-13T14:31:38.022Z [INFO]: 2025-03-13T14:31:38.022Z GET /js/bundle.min.js 304 1.400 ms
2025-03-13T14:31:38.024Z [INFO]: 2025-03-13T14:31:38.024Z GET /scripts/location.js 304 2.484 ms
2025-03-13T14:31:38.099Z [INFO]: 2025-03-13T14:31:38.099Z GET /api/locations?_=1741876298052 200 1.370 ms
2025-03-13T14:31:38.101Z [INFO]: 2025-03-13T14:31:38.100Z GET /api/states 304 2.355 ms
2025-03-13T14:32:09.595Z [INFO]: 2025-03-13T14:32:09.595Z GET /location 200 1.180 ms
2025-03-13T14:32:09.618Z [INFO]: 2025-03-13T14:32:09.618Z GET /css/bundle.min.css 304 1.753 ms
2025-03-13T14:32:09.619Z [INFO]: 2025-03-13T14:32:09.619Z GET /js/bundle.min.js 304 2.157 ms
2025-03-13T14:32:09.620Z [INFO]: 2025-03-13T14:32:09.620Z GET /scripts/location.js 304 2.443 ms
2025-03-13T14:32:09.704Z [INFO]: 2025-03-13T14:32:09.704Z GET /api/locations?_=1741876329646 200 1.514 ms
2025-03-13T14:32:09.708Z [INFO]: 2025-03-13T14:32:09.707Z GET /api/states 304 4.165 ms
2025-03-13T14:37:59.837Z [INFO]: 2025-03-13T14:37:59.837Z GET /location 200 1.188 ms
2025-03-13T14:37:59.859Z [INFO]: 2025-03-13T14:37:59.859Z GET /css/bundle.min.css 304 1.060 ms
2025-03-13T14:37:59.860Z [INFO]: 2025-03-13T14:37:59.860Z GET /js/bundle.min.js 304 1.484 ms
2025-03-13T14:37:59.860Z [INFO]: 2025-03-13T14:37:59.860Z GET /scripts/location.js 304 1.846 ms
2025-03-13T14:37:59.934Z [INFO]: 2025-03-13T14:37:59.934Z GET /api/locations?_=1741876679873 200 1.345 ms
2025-03-13T14:37:59.935Z [INFO]: 2025-03-13T14:37:59.935Z GET /api/states 304 2.371 ms
2025-03-13T14:40:56.206Z [INFO]: 2025-03-13T14:40:56.205Z GET /location 200 1.222 ms
2025-03-13T14:40:56.230Z [INFO]: 2025-03-13T14:40:56.230Z GET /scripts/location.js 304 1.944 ms
2025-03-13T14:40:56.231Z [INFO]: 2025-03-13T14:40:56.231Z GET /css/bundle.min.css 304 2.306 ms
2025-03-13T14:40:56.232Z [INFO]: 2025-03-13T14:40:56.232Z GET /js/bundle.min.js 304 2.553 ms
2025-03-13T14:40:56.318Z [INFO]: 2025-03-13T14:40:56.317Z GET /api/locations?_=1741876856263 200 1.466 ms
2025-03-13T14:40:56.319Z [INFO]: 2025-03-13T14:40:56.319Z GET /api/states 304 2.983 ms
2025-03-13T14:44:03.035Z [INFO]: 2025-03-13T14:44:03.035Z GET /location 200 1.158 ms
2025-03-13T14:44:03.060Z [INFO]: 2025-03-13T14:44:03.059Z GET /css/bundle.min.css 304 1.216 ms
2025-03-13T14:44:03.061Z [INFO]: 2025-03-13T14:44:03.061Z GET /js/bundle.min.js 304 2.004 ms
2025-03-13T14:44:03.062Z [INFO]: 2025-03-13T14:44:03.062Z GET /scripts/location.js 304 2.551 ms
2025-03-13T14:44:03.157Z [INFO]: 2025-03-13T14:44:03.157Z GET /api/locations?_=1741877043091 200 1.826 ms
2025-03-13T14:44:03.158Z [INFO]: 2025-03-13T14:44:03.158Z GET /api/states 304 2.706 ms
2025-03-13T14:45:06.978Z [INFO]: 2025-03-13T14:45:06.978Z GET /location 200 1.116 ms
2025-03-13T14:45:07.001Z [INFO]: 2025-03-13T14:45:07.001Z GET /css/bundle.min.css 304 1.522 ms
2025-03-13T14:45:07.003Z [INFO]: 2025-03-13T14:45:07.003Z GET /js/bundle.min.js 304 2.572 ms
2025-03-13T14:45:07.004Z [INFO]: 2025-03-13T14:45:07.004Z GET /scripts/location.js 304 3.676 ms
2025-03-13T14:45:07.102Z [INFO]: 2025-03-13T14:45:07.102Z GET /api/locations?_=1741877107032 200 1.310 ms
2025-03-13T14:45:07.104Z [INFO]: 2025-03-13T14:45:07.104Z GET /api/states 304 1.964 ms
2025-03-13T14:47:39.796Z [INFO]: 2025-03-13T14:47:39.796Z GET /location 200 3.214 ms
2025-03-13T14:47:39.821Z [INFO]: 2025-03-13T14:47:39.821Z GET /css/bundle.min.css 304 2.027 ms
2025-03-13T14:47:39.824Z [INFO]: 2025-03-13T14:47:39.824Z GET /js/bundle.min.js 304 1.006 ms
2025-03-13T14:47:39.826Z [INFO]: 2025-03-13T14:47:39.825Z GET /scripts/location.js 304 1.565 ms
2025-03-13T14:47:39.929Z [INFO]: 2025-03-13T14:47:39.929Z GET /api/locations?_=1741877259861 200 2.014 ms
2025-03-13T14:47:39.932Z [INFO]: 2025-03-13T14:47:39.932Z GET /api/states 304 1.501 ms
2025-03-13T14:49:51.196Z [INFO]: 2025-03-13T14:49:51.196Z GET /location 200 1.073 ms
2025-03-13T14:49:52.539Z [INFO]: 2025-03-13T14:49:52.539Z GET /location 304 0.806 ms
2025-03-13T14:49:52.560Z [INFO]: 2025-03-13T14:49:52.560Z GET /css/bundle.min.css 304 1.578 ms
2025-03-13T14:49:52.562Z [INFO]: 2025-03-13T14:49:52.562Z GET /js/bundle.min.js 304 2.304 ms
2025-03-13T14:49:52.563Z [INFO]: 2025-03-13T14:49:52.563Z GET /scripts/location.js 304 3.252 ms
2025-03-13T14:49:52.649Z [INFO]: 2025-03-13T14:49:52.649Z GET /api/locations?_=1741877392598 200 1.716 ms
2025-03-13T14:49:52.653Z [INFO]: 2025-03-13T14:49:52.653Z GET /api/states 304 4.454 ms
2025-03-13T14:50:43.738Z [INFO]: 2025-03-13T14:50:43.738Z GET /location 200 0.977 ms
2025-03-13T14:50:55.993Z [INFO]: 2025-03-13T14:50:55.993Z GET /location 304 0.640 ms
2025-03-13T14:50:56.018Z [INFO]: 2025-03-13T14:50:56.018Z GET /css/bundle.min.css 304 1.005 ms
2025-03-13T14:50:56.019Z [INFO]: 2025-03-13T14:50:56.019Z GET /js/bundle.min.js 304 1.518 ms
2025-03-13T14:50:56.020Z [INFO]: 2025-03-13T14:50:56.020Z GET /scripts/location.js 304 0.488 ms
2025-03-13T14:50:56.104Z [INFO]: 2025-03-13T14:50:56.104Z GET /api/locations?_=1741877456030 200 3.995 ms
2025-03-13T14:50:56.105Z [INFO]: 2025-03-13T14:50:56.105Z GET /api/states 304 5.234 ms
2025-03-13T14:51:44.995Z [INFO]: 2025-03-13T14:51:44.995Z GET /location 200 1.093 ms
2025-03-13T14:51:45.017Z [INFO]: 2025-03-13T14:51:45.017Z GET /css/bundle.min.css 304 0.579 ms
2025-03-13T14:51:45.022Z [INFO]: 2025-03-13T14:51:45.022Z GET /js/bundle.min.js 304 0.807 ms
2025-03-13T14:51:45.023Z [INFO]: 2025-03-13T14:51:45.023Z GET /scripts/location.js 304 0.592 ms
2025-03-13T14:51:45.089Z [INFO]: 2025-03-13T14:51:45.089Z GET /api/locations?_=1741877505028 200 1.399 ms
2025-03-13T14:51:45.091Z [INFO]: 2025-03-13T14:51:45.091Z GET /api/states 304 2.439 ms
2025-03-13T14:52:09.188Z [INFO]: 2025-03-13T14:52:09.188Z GET /location 200 1.191 ms
2025-03-13T14:52:09.212Z [INFO]: 2025-03-13T14:52:09.212Z GET /css/bundle.min.css 304 1.190 ms
2025-03-13T14:52:09.214Z [INFO]: 2025-03-13T14:52:09.214Z GET /js/bundle.min.js 304 1.024 ms
2025-03-13T14:52:09.215Z [INFO]: 2025-03-13T14:52:09.215Z GET /scripts/location.js 304 1.270 ms
2025-03-13T14:52:09.287Z [INFO]: 2025-03-13T14:52:09.287Z GET /api/locations?_=1741877529228 200 1.492 ms
2025-03-13T14:52:09.289Z [INFO]: 2025-03-13T14:52:09.289Z GET /api/states 304 2.510 ms
2025-03-13T14:52:18.512Z [INFO]: 2025-03-13T14:52:18.512Z GET /location 200 1.017 ms
2025-03-13T14:52:18.539Z [INFO]: 2025-03-13T14:52:18.539Z GET /css/bundle.min.css 304 1.078 ms
2025-03-13T14:52:18.541Z [INFO]: 2025-03-13T14:52:18.541Z GET /js/bundle.min.js 304 0.960 ms
2025-03-13T14:52:18.543Z [INFO]: 2025-03-13T14:52:18.543Z GET /scripts/location.js 304 1.286 ms
2025-03-13T14:52:18.606Z [INFO]: 2025-03-13T14:52:18.605Z GET /api/locations?_=1741877538559 200 1.629 ms
2025-03-13T14:52:18.607Z [INFO]: 2025-03-13T14:52:18.607Z GET /api/states 304 2.657 ms
2025-03-13T14:52:33.906Z [INFO]: 2025-03-13T14:52:33.906Z GET /location 200 0.929 ms
2025-03-13T14:52:33.929Z [INFO]: 2025-03-13T14:52:33.929Z GET /css/bundle.min.css 304 0.902 ms
2025-03-13T14:52:33.931Z [INFO]: 2025-03-13T14:52:33.931Z GET /js/bundle.min.js 304 1.113 ms
2025-03-13T14:52:33.932Z [INFO]: 2025-03-13T14:52:33.932Z GET /scripts/location.js 304 1.579 ms
2025-03-13T14:52:33.992Z [INFO]: 2025-03-13T14:52:33.992Z GET /api/locations?_=1741877553936 200 1.479 ms
2025-03-13T14:52:33.993Z [INFO]: 2025-03-13T14:52:33.993Z GET /api/states 304 2.037 ms
2025-03-13T14:52:57.401Z [INFO]: 2025-03-13T14:52:57.401Z GET /location 200 1.468 ms
2025-03-13T14:52:58.888Z [INFO]: 2025-03-13T14:52:58.888Z GET /location 304 0.757 ms
2025-03-13T14:52:58.912Z [INFO]: 2025-03-13T14:52:58.912Z GET /css/bundle.min.css 304 1.048 ms
2025-03-13T14:52:58.913Z [INFO]: 2025-03-13T14:52:58.913Z GET /js/bundle.min.js 304 1.953 ms
2025-03-13T14:52:58.914Z [INFO]: 2025-03-13T14:52:58.914Z GET /scripts/location.js 304 1.432 ms
2025-03-13T14:52:58.976Z [INFO]: 2025-03-13T14:52:58.976Z GET /api/locations?_=1741877578930 200 1.466 ms
2025-03-13T14:52:58.978Z [INFO]: 2025-03-13T14:52:58.978Z GET /api/states 304 2.778 ms
2025-03-13T14:53:11.604Z [INFO]: 2025-03-13T14:53:11.604Z GET /location 200 0.967 ms
2025-03-13T14:53:11.627Z [INFO]: 2025-03-13T14:53:11.627Z GET /css/bundle.min.css 304 1.069 ms
2025-03-13T14:53:11.634Z [INFO]: 2025-03-13T14:53:11.634Z GET /js/bundle.min.js 304 0.795 ms
2025-03-13T14:53:11.634Z [INFO]: 2025-03-13T14:53:11.634Z GET /scripts/location.js 304 1.275 ms
2025-03-13T14:53:11.732Z [INFO]: 2025-03-13T14:53:11.732Z GET /api/locations?_=1741877591643 200 1.174 ms
2025-03-13T14:53:11.778Z [INFO]: 2025-03-13T14:53:11.778Z GET /api/states 304 1.275 ms
2025-03-13T14:53:27.243Z [INFO]: 2025-03-13T14:53:27.243Z GET /location 200 1.499 ms
2025-03-13T14:53:27.273Z [INFO]: 2025-03-13T14:53:27.273Z GET /css/bundle.min.css 304 1.295 ms
2025-03-13T14:53:27.274Z [INFO]: 2025-03-13T14:53:27.274Z GET /js/bundle.min.js 304 1.437 ms
2025-03-13T14:53:27.276Z [INFO]: 2025-03-13T14:53:27.276Z GET /scripts/location.js 304 0.628 ms
2025-03-13T14:53:27.343Z [INFO]: 2025-03-13T14:53:27.343Z GET /api/locations?_=1741877607281 200 1.722 ms
2025-03-13T14:53:27.344Z [INFO]: 2025-03-13T14:53:27.344Z GET /api/states 304 2.434 ms
2025-03-13T14:53:28.062Z [INFO]: 2025-03-13T14:53:28.061Z GET /location 304 0.691 ms
2025-03-13T14:53:28.089Z [INFO]: 2025-03-13T14:53:28.089Z GET /css/bundle.min.css 304 0.494 ms
2025-03-13T14:53:28.091Z [INFO]: 2025-03-13T14:53:28.091Z GET /js/bundle.min.js 304 0.918 ms
2025-03-13T14:53:28.092Z [INFO]: 2025-03-13T14:53:28.092Z GET /scripts/location.js 304 1.900 ms
2025-03-13T14:53:28.153Z [INFO]: 2025-03-13T14:53:28.153Z GET /api/locations?_=1741877608097 200 1.684 ms
2025-03-13T14:53:28.156Z [INFO]: 2025-03-13T14:53:28.156Z GET /api/states 304 4.042 ms
2025-03-13T14:53:28.570Z [INFO]: 2025-03-13T14:53:28.570Z GET /location 304 1.363 ms
2025-03-13T14:53:28.598Z [INFO]: 2025-03-13T14:53:28.598Z GET /css/bundle.min.css 304 1.182 ms
2025-03-13T14:53:28.599Z [INFO]: 2025-03-13T14:53:28.599Z GET /js/bundle.min.js 304 1.856 ms
2025-03-13T14:53:28.600Z [INFO]: 2025-03-13T14:53:28.600Z GET /scripts/location.js 304 2.395 ms
2025-03-13T14:53:28.660Z [INFO]: 2025-03-13T14:53:28.660Z GET /api/locations?_=1741877608606 200 1.525 ms
2025-03-13T14:53:28.664Z [INFO]: 2025-03-13T14:53:28.664Z GET /api/states 304 5.182 ms
2025-03-13T14:53:29.037Z [INFO]: 2025-03-13T14:53:29.037Z GET /location 304 0.675 ms
2025-03-13T14:53:29.067Z [INFO]: 2025-03-13T14:53:29.067Z GET /css/bundle.min.css 304 1.123 ms
2025-03-13T14:53:29.068Z [INFO]: 2025-03-13T14:53:29.068Z GET /js/bundle.min.js 304 1.504 ms
2025-03-13T14:53:29.069Z [INFO]: 2025-03-13T14:53:29.069Z GET /scripts/location.js 304 1.898 ms
2025-03-13T14:53:29.127Z [INFO]: 2025-03-13T14:53:29.127Z GET /api/locations?_=1741877609080 200 1.853 ms
2025-03-13T14:53:29.129Z [INFO]: 2025-03-13T14:53:29.129Z GET /api/states 304 2.671 ms
2025-03-13T14:53:29.799Z [INFO]: 2025-03-13T14:53:29.799Z GET /location 304 0.676 ms
2025-03-13T14:53:29.822Z [INFO]: 2025-03-13T14:53:29.822Z GET /css/bundle.min.css 304 1.113 ms
2025-03-13T14:53:29.822Z [INFO]: 2025-03-13T14:53:29.822Z GET /js/bundle.min.js 304 1.492 ms
2025-03-13T14:53:29.823Z [INFO]: 2025-03-13T14:53:29.823Z GET /scripts/location.js 304 2.012 ms
2025-03-13T14:53:29.877Z [INFO]: 2025-03-13T14:53:29.876Z GET /api/locations?_=1741877609835 200 1.609 ms
2025-03-13T14:53:29.879Z [INFO]: 2025-03-13T14:53:29.879Z GET /api/states 304 3.333 ms
2025-03-13T14:53:31.131Z [INFO]: 2025-03-13T14:53:31.131Z GET /location 304 0.677 ms
2025-03-13T14:53:31.153Z [INFO]: 2025-03-13T14:53:31.153Z GET /css/bundle.min.css 304 1.526 ms
2025-03-13T14:53:31.154Z [INFO]: 2025-03-13T14:53:31.153Z GET /js/bundle.min.js 304 1.870 ms
2025-03-13T14:53:31.154Z [INFO]: 2025-03-13T14:53:31.154Z GET /scripts/location.js 304 2.333 ms
2025-03-13T14:53:31.217Z [INFO]: 2025-03-13T14:53:31.217Z GET /api/locations?_=1741877611163 200 1.679 ms
2025-03-13T14:53:31.219Z [INFO]: 2025-03-13T14:53:31.219Z GET /api/states 304 2.386 ms
2025-03-13T14:53:59.193Z [INFO]: 2025-03-13T14:53:59.193Z GET /location 200 1.126 ms
2025-03-13T14:53:59.215Z [INFO]: 2025-03-13T14:53:59.215Z GET /css/bundle.min.css 304 0.540 ms
2025-03-13T14:53:59.216Z [INFO]: 2025-03-13T14:53:59.216Z GET /js/bundle.min.js 304 0.594 ms
2025-03-13T14:53:59.218Z [INFO]: 2025-03-13T14:53:59.218Z GET /scripts/location.js 304 0.671 ms
2025-03-13T14:53:59.279Z [INFO]: 2025-03-13T14:53:59.279Z GET /api/locations?_=1741877639231 200 1.807 ms
2025-03-13T14:53:59.280Z [INFO]: 2025-03-13T14:53:59.280Z GET /api/states 304 2.298 ms
2025-03-13T14:54:02.666Z [INFO]: 2025-03-13T14:54:02.666Z GET /css/bundle.min.css 304 1.305 ms
2025-03-13T14:54:58.482Z [INFO]: 2025-03-13T14:54:58.482Z GET /location 200 0.924 ms
2025-03-13T14:54:58.503Z [INFO]: 2025-03-13T14:54:58.503Z GET /css/bundle.min.css 304 1.384 ms
2025-03-13T14:54:58.504Z [INFO]: 2025-03-13T14:54:58.504Z GET /js/bundle.min.js 304 1.684 ms
2025-03-13T14:54:58.505Z [INFO]: 2025-03-13T14:54:58.505Z GET /scripts/location.js 304 1.853 ms
2025-03-13T14:54:58.581Z [INFO]: 2025-03-13T14:54:58.581Z GET /api/locations?_=1741877698518 200 1.530 ms
2025-03-13T14:54:58.582Z [INFO]: 2025-03-13T14:54:58.582Z GET /api/states 304 2.070 ms
2025-03-13T14:55:06.979Z [INFO]: 2025-03-13T14:55:06.978Z GET /css/bundle.min.css 304 0.992 ms
2025-03-13T14:56:07.214Z [INFO]: 2025-03-13T14:56:07.214Z GET /location 200 1.261 ms
2025-03-13T14:56:07.322Z [INFO]: 2025-03-13T14:56:07.322Z GET /css/bundle.min.css 304 2.340 ms
2025-03-13T14:56:07.327Z [INFO]: 2025-03-13T14:56:07.327Z GET /js/bundle.min.js 304 1.658 ms
2025-03-13T14:56:07.328Z [INFO]: 2025-03-13T14:56:07.328Z GET /scripts/location.js 304 1.940 ms
2025-03-13T14:56:07.529Z [INFO]: 2025-03-13T14:56:07.529Z GET /api/locations?_=1741877767425 200 1.673 ms
2025-03-13T14:56:07.532Z [INFO]: 2025-03-13T14:56:07.532Z GET /api/states 304 3.180 ms
2025-03-13T14:57:38.710Z [INFO]: 2025-03-13T14:57:38.710Z GET /location 200 1.061 ms
2025-03-13T14:57:38.734Z [INFO]: 2025-03-13T14:57:38.734Z GET /css/bundle.min.css 304 1.331 ms
2025-03-13T14:57:38.735Z [INFO]: 2025-03-13T14:57:38.735Z GET /js/bundle.min.js 304 1.793 ms
2025-03-13T14:57:38.736Z [INFO]: 2025-03-13T14:57:38.736Z GET /scripts/location.js 304 2.020 ms
2025-03-13T14:57:38.857Z [INFO]: 2025-03-13T14:57:38.857Z GET /api/locations?_=1741877858770 200 1.451 ms
2025-03-13T14:57:38.858Z [INFO]: 2025-03-13T14:57:38.858Z GET /api/states 304 1.919 ms
2025-03-13T14:57:48.680Z [INFO]: 2025-03-13T14:57:48.680Z GET /location 200 0.899 ms
2025-03-13T14:58:09.255Z [INFO]: 2025-03-13T14:58:09.255Z GET /location 200 0.919 ms
2025-03-13T15:00:34.700Z [INFO]: 2025-03-13T15:00:34.700Z GET /location 200 1.032 ms
2025-03-13T15:00:34.720Z [INFO]: 2025-03-13T15:00:34.720Z GET /css/bundle.min.css 304 0.668 ms
2025-03-13T15:00:34.722Z [INFO]: 2025-03-13T15:00:34.722Z GET /js/bundle.min.js 304 0.734 ms
2025-03-13T15:00:34.723Z [INFO]: 2025-03-13T15:00:34.723Z GET /scripts/location.js 304 1.205 ms
2025-03-13T15:00:34.814Z [INFO]: 2025-03-13T15:00:34.814Z GET /api/locations?_=1741878034756 200 2.153 ms
2025-03-13T15:00:34.816Z [INFO]: 2025-03-13T15:00:34.816Z GET /api/states 304 3.756 ms
2025-03-13T15:00:45.124Z [INFO]: 2025-03-13T15:00:45.124Z GET /location 200 1.005 ms
2025-03-13T15:00:45.157Z [INFO]: 2025-03-13T15:00:45.157Z GET /css/bundle.min.css 304 0.958 ms
2025-03-13T15:00:45.159Z [INFO]: 2025-03-13T15:00:45.159Z GET /js/bundle.min.js 304 1.232 ms
2025-03-13T15:00:45.161Z [INFO]: 2025-03-13T15:00:45.161Z GET /scripts/location.js 304 0.536 ms
2025-03-13T15:00:45.231Z [INFO]: 2025-03-13T15:00:45.231Z GET /api/locations?_=1741878045168 200 1.390 ms
2025-03-13T15:00:45.232Z [INFO]: 2025-03-13T15:00:45.232Z GET /api/states 304 2.528 ms
2025-03-13T15:01:05.444Z [INFO]: 2025-03-13T15:01:05.444Z GET /location 200 0.924 ms
2025-03-13T15:01:05.471Z [INFO]: 2025-03-13T15:01:05.471Z GET /css/bundle.min.css 304 1.110 ms
2025-03-13T15:01:05.472Z [INFO]: 2025-03-13T15:01:05.472Z GET /js/bundle.min.js 304 1.412 ms
2025-03-13T15:01:05.473Z [INFO]: 2025-03-13T15:01:05.473Z GET /scripts/location.js 304 2.571 ms
2025-03-13T15:01:05.542Z [INFO]: 2025-03-13T15:01:05.542Z GET /api/locations?_=1741878065479 200 1.368 ms
2025-03-13T15:01:05.543Z [INFO]: 2025-03-13T15:01:05.543Z GET /api/states 304 2.149 ms
2025-03-13T15:01:27.866Z [INFO]: 2025-03-13T15:01:27.866Z GET /location 200 0.929 ms
2025-03-13T15:01:27.897Z [INFO]: 2025-03-13T15:01:27.897Z GET /css/bundle.min.css 304 0.912 ms
2025-03-13T15:01:27.898Z [INFO]: 2025-03-13T15:01:27.898Z GET /js/bundle.min.js 304 1.869 ms
2025-03-13T15:01:27.900Z [INFO]: 2025-03-13T15:01:27.900Z GET /scripts/location.js 304 0.426 ms
2025-03-13T15:01:27.966Z [INFO]: 2025-03-13T15:01:27.966Z GET /api/locations?_=1741878087908 200 1.304 ms
2025-03-13T15:01:27.967Z [INFO]: 2025-03-13T15:01:27.967Z GET /api/states 304 2.063 ms
2025-03-13T15:01:59.710Z [INFO]: 2025-03-13T15:01:59.710Z GET /location 200 1.346 ms
2025-03-13T15:01:59.736Z [INFO]: 2025-03-13T15:01:59.736Z GET /css/bundle.min.css 304 0.636 ms
2025-03-13T15:01:59.740Z [INFO]: 2025-03-13T15:01:59.739Z GET /js/bundle.min.js 304 0.830 ms
2025-03-13T15:01:59.740Z [INFO]: 2025-03-13T15:01:59.740Z GET /scripts/location.js 304 1.261 ms
2025-03-13T15:01:59.808Z [INFO]: 2025-03-13T15:01:59.808Z GET /api/locations?_=1741878119745 200 1.552 ms
2025-03-13T15:01:59.809Z [INFO]: 2025-03-13T15:01:59.809Z GET /api/states 304 2.271 ms
2025-03-13T15:02:08.048Z [INFO]: 2025-03-13T15:02:08.048Z GET /location 200 0.974 ms
2025-03-13T15:02:08.070Z [INFO]: 2025-03-13T15:02:08.070Z GET /css/bundle.min.css 304 0.739 ms
2025-03-13T15:02:08.078Z [INFO]: 2025-03-13T15:02:08.078Z GET /js/bundle.min.js 304 0.686 ms
2025-03-13T15:02:08.081Z [INFO]: 2025-03-13T15:02:08.081Z GET /scripts/location.js 304 1.484 ms
2025-03-13T15:02:08.146Z [INFO]: 2025-03-13T15:02:08.146Z GET /api/locations?_=1741878128086 200 1.722 ms
2025-03-13T15:02:08.148Z [INFO]: 2025-03-13T15:02:08.148Z GET /api/states 304 2.424 ms
2025-03-13T15:02:29.963Z [INFO]: 2025-03-13T15:02:29.963Z GET /location 200 0.945 ms
2025-03-13T15:02:29.988Z [INFO]: 2025-03-13T15:02:29.988Z GET /css/bundle.min.css 304 1.166 ms
2025-03-13T15:02:29.990Z [INFO]: 2025-03-13T15:02:29.989Z GET /js/bundle.min.js 304 2.320 ms
2025-03-13T15:02:29.990Z [INFO]: 2025-03-13T15:02:29.990Z GET /scripts/location.js 304 1.164 ms
2025-03-13T15:02:30.066Z [INFO]: 2025-03-13T15:02:30.066Z GET /api/locations?_=1741878150001 200 1.712 ms
2025-03-13T15:02:30.067Z [INFO]: 2025-03-13T15:02:30.067Z GET /api/states 304 2.906 ms
2025-03-13T15:05:46.771Z [INFO]: 2025-03-13T15:05:46.771Z GET /location 200 1.668 ms
2025-03-13T15:05:46.806Z [INFO]: 2025-03-13T15:05:46.806Z GET /css/bundle.min.css 304 0.690 ms
2025-03-13T15:05:46.811Z [INFO]: 2025-03-13T15:05:46.811Z GET /js/bundle.min.js 304 1.280 ms
2025-03-13T15:05:46.816Z [INFO]: 2025-03-13T15:05:46.816Z GET /scripts/location.js 304 0.620 ms
2025-03-13T15:05:46.897Z [INFO]: 2025-03-13T15:05:46.897Z GET /api/locations?_=1741878346823 200 1.372 ms
2025-03-13T15:05:46.905Z [INFO]: 2025-03-13T15:05:46.905Z GET /api/states 304 1.861 ms
2025-03-13T15:07:01.566Z [INFO]: 2025-03-13T15:07:01.566Z GET /location 200 9.734 ms
2025-03-13T15:07:01.595Z [INFO]: 2025-03-13T15:07:01.595Z GET /css/bundle.min.css 304 1.172 ms
2025-03-13T15:07:01.596Z [INFO]: 2025-03-13T15:07:01.596Z GET /scripts/location.js 304 1.829 ms
2025-03-13T15:07:01.597Z [INFO]: 2025-03-13T15:07:01.597Z GET /js/bundle.min.js 304 2.461 ms
2025-03-13T15:07:26.938Z [INFO]: 2025-03-13T15:07:26.938Z GET /location 200 1.037 ms
2025-03-13T15:07:26.970Z [INFO]: 2025-03-13T15:07:26.970Z GET /css/bundle.min.css 304 1.122 ms
2025-03-13T15:07:26.971Z [INFO]: 2025-03-13T15:07:26.971Z GET /js/bundle.min.js 304 1.591 ms
2025-03-13T15:07:26.972Z [INFO]: 2025-03-13T15:07:26.972Z GET /scripts/location.js 304 1.854 ms
2025-03-13T15:07:27.103Z [INFO]: 2025-03-13T15:07:27.103Z GET /api/locations?_=1741878446999 200 1.119 ms
2025-03-13T15:07:27.131Z [INFO]: 2025-03-13T15:07:27.131Z GET /api/states 304 1.121 ms
2025-03-13T15:21:11.762Z [INFO]: 2025-03-13T15:21:11.761Z GET /location 200 8.032 ms
2025-03-13T15:21:11.797Z [INFO]: 2025-03-13T15:21:11.797Z GET /scripts/location.js 404 3.887 ms
2025-03-13T15:21:11.799Z [INFO]: 2025-03-13T15:21:11.799Z GET /css/bundle.min.css 404 4.412 ms
2025-03-13T15:21:11.800Z [INFO]: 2025-03-13T15:21:11.800Z GET /js/bundle.min.js 404 5.241 ms
2025-03-13T15:21:19.299Z [INFO]: 2025-03-13T15:21:19.299Z GET /css/bundle.min.css 404 1.133 ms
2025-03-13T15:21:44.048Z [INFO]: 2025-03-13T15:21:44.048Z GET /location 304 0.862 ms
2025-03-13T15:21:45.259Z [INFO]: 2025-03-13T15:21:45.259Z GET /css/bundle.min.css 200 1.489 ms
2025-03-13T15:21:47.794Z [INFO]: 2025-03-13T15:21:47.794Z GET /location 304 0.729 ms
2025-03-13T15:21:47.819Z [INFO]: 2025-03-13T15:21:47.819Z GET /css/bundle.min.css 304 2.414 ms
2025-03-13T15:21:47.823Z [INFO]: 2025-03-13T15:21:47.823Z GET /js/bundle.min.js 404 4.752 ms
2025-03-13T15:21:47.827Z [INFO]: 2025-03-13T15:21:47.826Z GET /scripts/location.js 404 4.282 ms
2025-03-13T15:21:53.377Z [INFO]: 2025-03-13T15:21:53.377Z GET /js/bundle.min.js 404 0.830 ms
2025-03-13T15:21:59.854Z [INFO]: 2025-03-13T15:21:59.854Z GET /scripts/location.js 404 0.675 ms
2025-03-13T15:22:57.477Z [INFO]: 2025-03-13T15:22:57.477Z GET /scripts/location.js 200 6.837 ms
2025-03-13T15:23:00.833Z [INFO]: 2025-03-13T15:23:00.833Z GET /js/bundle.min.js 404 2.650 ms
2025-03-13T15:23:23.062Z [INFO]: 2025-03-13T15:23:23.062Z GET /location 304 1.638 ms
2025-03-13T15:26:04.602Z [INFO]: 2025-03-13T15:26:04.601Z GET /location 200 9.572 ms
2025-03-13T15:26:06.290Z [INFO]: 2025-03-13T15:26:06.290Z GET /location 304 1.338 ms
2025-03-13T15:26:06.320Z [INFO]: 2025-03-13T15:26:06.320Z GET /js/bundle.min.js 404 3.278 ms
2025-03-13T15:26:06.323Z [INFO]: 2025-03-13T15:26:06.323Z GET /scripts/location.js 200 6.026 ms
2025-03-13T15:26:06.330Z [INFO]: 2025-03-13T15:26:06.330Z GET /css/bundle.min.css 200 6.999 ms
2025-03-13T15:26:10.339Z [INFO]: 2025-03-13T15:26:10.339Z GET /js/bundle.min.js 404 0.984 ms
2025-03-13T15:26:39.043Z [INFO]: 2025-03-13T15:26:39.043Z GET /location 200 1.595 ms
2025-03-13T15:26:40.608Z [INFO]: 2025-03-13T15:26:40.607Z GET /scripts/bundle.min.js 200 1.720 ms
2025-03-13T15:26:43.740Z [INFO]: 2025-03-13T15:26:43.739Z GET /location 304 0.965 ms
2025-03-13T15:26:43.765Z [INFO]: 2025-03-13T15:26:43.765Z GET /css/bundle.min.css 304 2.212 ms
2025-03-13T15:26:43.767Z [INFO]: 2025-03-13T15:26:43.767Z GET /scripts/bundle.min.js 304 3.531 ms
2025-03-13T15:26:43.769Z [INFO]: 2025-03-13T15:26:43.769Z GET /scripts/location.js 304 4.627 ms
2025-03-13T15:26:43.900Z [INFO]: 2025-03-13T15:26:43.900Z GET /api/locations?_=1741879603803 200 3.995 ms
2025-03-13T15:26:43.901Z [INFO]: 2025-03-13T15:26:43.901Z GET /api/states 304 4.294 ms
2025-03-13T15:26:45.890Z [INFO]: 2025-03-13T15:26:45.890Z GET /api/states 304 1.183 ms
2025-03-13T15:26:47.361Z [INFO]: 2025-03-13T15:26:47.361Z GET /location 304 0.755 ms
2025-03-13T15:26:47.383Z [INFO]: 2025-03-13T15:26:47.383Z GET /css/bundle.min.css 304 0.615 ms
2025-03-13T15:26:47.392Z [INFO]: 2025-03-13T15:26:47.392Z GET /scripts/bundle.min.js 304 0.946 ms
2025-03-13T15:26:47.393Z [INFO]: 2025-03-13T15:26:47.393Z GET /scripts/location.js 304 2.001 ms
2025-03-13T15:26:47.463Z [INFO]: 2025-03-13T15:26:47.463Z GET /api/locations?_=1741879607400 200 1.714 ms
2025-03-13T15:26:47.464Z [INFO]: 2025-03-13T15:26:47.464Z GET /api/states 304 2.181 ms
2025-03-13T15:26:50.522Z [INFO]: 2025-03-13T15:26:50.522Z GET /api/states 304 1.436 ms
2025-03-13T15:26:54.796Z [INFO]: 2025-03-13T15:26:54.795Z GET /css/bundle.min.css 304 0.693 ms
2025-03-13T15:27:18.405Z [INFO]: 2025-03-13T15:27:18.405Z GET /location 200 2.081 ms
2025-03-13T15:27:18.433Z [INFO]: 2025-03-13T15:27:18.433Z GET /css/bundle.min.css 304 1.839 ms
2025-03-13T15:27:18.434Z [INFO]: 2025-03-13T15:27:18.434Z GET /scripts/bundle.min.js 304 2.006 ms
2025-03-13T15:27:18.436Z [INFO]: 2025-03-13T15:27:18.436Z GET /scripts/location.js 304 3.141 ms
2025-03-13T15:27:18.503Z [INFO]: 2025-03-13T15:27:18.503Z GET /api/locations?_=1741879638452 200 1.776 ms
2025-03-13T15:27:18.505Z [INFO]: 2025-03-13T15:27:18.505Z GET /api/states 304 3.381 ms
2025-03-13T15:27:23.654Z [INFO]: 2025-03-13T15:27:23.654Z GET /api/states 304 1.726 ms
2025-03-13T15:27:28.146Z [INFO]: 2025-03-13T15:27:28.146Z DELETE /api/locations/7 200 12.529 ms
2025-03-13T15:27:29.097Z [INFO]: 2025-03-13T15:27:29.097Z DELETE /api/locations/7 200 1.371 ms
2025-03-13T15:27:30.708Z [INFO]: 2025-03-13T15:27:30.708Z GET /api/locations?_=1741879638453 200 0.813 ms
2025-03-13T15:27:31.280Z [INFO]: 2025-03-13T15:27:31.280Z GET /api/locations?_=1741879638454 200 1.221 ms
2025-03-13T15:27:33.133Z [INFO]: 2025-03-13T15:27:33.133Z DELETE /api/locations/8 200 10.904 ms
2025-03-13T15:27:34.766Z [INFO]: 2025-03-13T15:27:34.766Z DELETE /api/locations/8 200 0.946 ms
2025-03-13T15:27:36.021Z [INFO]: 2025-03-13T15:27:36.020Z GET /api/locations?_=1741879638455 200 0.850 ms
2025-03-13T15:27:37.014Z [INFO]: 2025-03-13T15:27:37.013Z GET /api/locations?_=1741879638456 200 0.862 ms
2025-03-13T15:27:44.072Z [INFO]: 2025-03-13T15:27:44.072Z GET /css/bundle.min.css 304 3.476 ms
2025-03-13T15:28:06.541Z [INFO]: 2025-03-13T15:28:06.541Z GET /location 304 0.850 ms
2025-03-13T15:28:14.155Z [INFO]: 2025-03-13T15:28:14.155Z GET /css/bundle.min.css 304 3.646 ms
2025-03-13T15:28:14.160Z [INFO]: 2025-03-13T15:28:14.160Z GET /scripts/bundle.min.js 304 1.991 ms
2025-03-13T15:28:14.161Z [INFO]: 2025-03-13T15:28:14.161Z GET /scripts/location.js 304 2.209 ms
2025-03-13T15:28:14.309Z [INFO]: 2025-03-13T15:28:14.309Z GET /api/locations?_=1741879694233 200 1.485 ms
2025-03-13T15:28:14.311Z [INFO]: 2025-03-13T15:28:14.310Z GET /api/states 304 2.385 ms
2025-03-13T15:28:17.025Z [INFO]: 2025-03-13T15:28:17.025Z GET /api/states 304 1.151 ms
2025-03-13T15:29:00.680Z [INFO]: 2025-03-13T15:29:00.679Z GET /location 200 15.014 ms
2025-03-13T15:29:00.728Z [INFO]: 2025-03-13T15:29:00.728Z GET /scripts/bundle.min.js 304 1.330 ms
2025-03-13T15:29:00.734Z [INFO]: 2025-03-13T15:29:00.734Z GET /scripts/location.js 200 2.132 ms
2025-03-13T15:29:00.743Z [INFO]: 2025-03-13T15:29:00.743Z GET /css/bundle.min.css 200 6.434 ms
2025-03-13T15:29:00.997Z [INFO]: 2025-03-13T15:29:00.997Z GET /api/locations?_=1741879740841 200 14.178 ms
2025-03-13T15:29:01.022Z [INFO]: 2025-03-13T15:29:01.022Z GET /api/states 304 3.122 ms
2025-03-13T15:29:02.942Z [INFO]: 2025-03-13T15:29:02.942Z GET /api/states 304 7.957 ms
2025-03-13T15:29:06.878Z [INFO]: 2025-03-13T15:29:06.877Z GET /scripts/bundle.min.js 200 7.792 ms
2025-03-13T15:29:29.948Z [INFO]: 2025-03-13T15:29:29.947Z GET /location 304 7.255 ms
2025-03-13T15:29:31.285Z [INFO]: 2025-03-13T15:29:31.285Z GET /scripts/bundle.min.js 200 3.451 ms
2025-03-13T15:29:34.838Z [INFO]: 2025-03-13T15:29:34.838Z GET /location 304 1.180 ms
2025-03-13T15:29:34.871Z [INFO]: 2025-03-13T15:29:34.871Z GET /css/bundle.min.css 304 1.075 ms
2025-03-13T15:29:34.876Z [INFO]: 2025-03-13T15:29:34.876Z GET /scripts/bundle.min.js 304 2.810 ms
2025-03-13T15:29:34.880Z [INFO]: 2025-03-13T15:29:34.880Z GET /scripts/location.js 200 4.715 ms
2025-03-13T15:29:38.029Z [INFO]: 2025-03-13T15:29:38.029Z GET /api/states 304 4.900 ms
2025-03-13T15:30:13.501Z [INFO]: 2025-03-13T15:30:13.501Z GET /location 200 6.412 ms
2025-03-13T15:30:13.532Z [INFO]: 2025-03-13T15:30:13.532Z GET /scripts/location.js 200 3.071 ms
2025-03-13T15:30:13.535Z [INFO]: 2025-03-13T15:30:13.535Z GET /scripts/bundle.min.js 200 4.011 ms
2025-03-13T15:30:13.539Z [INFO]: 2025-03-13T15:30:13.538Z GET /css/bundle.min.css 200 3.502 ms
2025-03-13T15:30:17.703Z [INFO]: 2025-03-13T15:30:17.703Z GET /scripts/bundle.min.js 304 0.855 ms
2025-03-13T15:30:51.882Z [INFO]: 2025-03-13T15:30:51.881Z GET /scripts/bundle.min.js 200 6.955 ms
2025-03-13T15:30:53.817Z [INFO]: 2025-03-13T15:30:53.817Z GET /scripts/bundle.min.js 304 0.996 ms
2025-03-13T15:31:25.819Z [INFO]: 2025-03-13T15:31:25.818Z GET /location 304 1.784 ms
2025-03-13T15:31:25.839Z [INFO]: 2025-03-13T15:31:25.839Z GET /css/bundle.min.css 304 1.484 ms
2025-03-13T15:31:25.843Z [INFO]: 2025-03-13T15:31:25.842Z GET /scripts/bundle.min.js 200 4.308 ms
2025-03-13T15:31:25.846Z [INFO]: 2025-03-13T15:31:25.846Z GET /scripts/location.js 200 4.606 ms
2025-03-13T15:31:30.530Z [INFO]: 2025-03-13T15:31:30.530Z GET /css/bundle.min.css 304 1.563 ms
2025-03-13T15:34:12.922Z [INFO]: 2025-03-13T15:34:12.921Z GET /location 200 7.401 ms
2025-03-13T15:34:12.983Z [INFO]: 2025-03-13T15:34:12.983Z GET /scripts/location.js 200 3.360 ms
2025-03-13T15:34:12.988Z [INFO]: 2025-03-13T15:34:12.988Z GET /css/bundle.min.css 200 5.120 ms
2025-03-13T15:34:12.992Z [INFO]: 2025-03-13T15:34:12.991Z GET /scripts/bundle.min.js 200 3.859 ms
2025-03-13T15:34:15.351Z [INFO]: 2025-03-13T15:34:15.351Z GET /api/states 304 5.993 ms
2025-03-13T15:34:23.531Z [INFO]: 2025-03-13T15:34:23.531Z GET /location 304 0.998 ms
2025-03-13T15:34:23.550Z [INFO]: 2025-03-13T15:34:23.550Z GET /css/bundle.min.css 304 1.975 ms
2025-03-13T15:34:23.553Z [INFO]: 2025-03-13T15:34:23.553Z GET /scripts/bundle.min.js 304 3.621 ms
2025-03-13T15:34:23.555Z [INFO]: 2025-03-13T15:34:23.555Z GET /scripts/location.js 304 2.846 ms
2025-03-13T15:34:25.371Z [INFO]: 2025-03-13T15:34:25.371Z GET /api/states 304 1.433 ms
2025-03-13T15:34:38.322Z [INFO]: Fetching location for "Hollywood Bowl" from OpenStreetMap
2025-03-13T15:34:38.905Z [INFO]: Cached find location results for "Hollywood Bowl"
2025-03-13T15:34:38.906Z [INFO]: 2025-03-13T15:34:38.906Z GET /api/findlocation?q=Hollywood%20Bowl 304 584.433 ms
2025-03-13T15:34:44.142Z [INFO]: 2025-03-13T15:34:44.142Z GET /css/bundle.min.css 304 1.165 ms
2025-03-13T15:35:39.334Z [INFO]: 2025-03-13T15:35:39.333Z GET /location 200 6.159 ms
2025-03-13T15:35:39.390Z [INFO]: 2025-03-13T15:35:39.390Z GET /scripts/location.js 200 2.307 ms
2025-03-13T15:35:39.394Z [INFO]: 2025-03-13T15:35:39.394Z GET /css/bundle.min.css 200 2.590 ms
2025-03-13T15:35:39.399Z [INFO]: 2025-03-13T15:35:39.399Z GET /scripts/bundle.min.js 200 1.540 ms
2025-03-13T15:35:39.556Z [INFO]: 2025-03-13T15:35:39.556Z GET /api/locations?_=1741880139434 200 3.699 ms
2025-03-13T15:35:39.558Z [INFO]: 2025-03-13T15:35:39.558Z GET /api/states 304 4.641 ms
2025-03-13T15:35:40.837Z [INFO]: 2025-03-13T15:35:40.837Z GET /api/states 304 1.133 ms
2025-03-13T15:35:43.140Z [INFO]: 2025-03-13T15:35:43.139Z GET /location 304 0.967 ms
2025-03-13T15:35:43.170Z [INFO]: 2025-03-13T15:35:43.169Z GET /css/bundle.min.css 304 6.104 ms
2025-03-13T15:35:43.171Z [INFO]: 2025-03-13T15:35:43.171Z GET /scripts/bundle.min.js 304 5.765 ms
2025-03-13T15:35:43.173Z [INFO]: 2025-03-13T15:35:43.172Z GET /scripts/location.js 304 5.007 ms
2025-03-13T15:35:43.332Z [INFO]: 2025-03-13T15:35:43.332Z GET /api/locations?_=1741880143230 200 1.625 ms
2025-03-13T15:35:43.334Z [INFO]: 2025-03-13T15:35:43.334Z GET /api/states 304 3.200 ms
2025-03-13T15:35:50.883Z [INFO]: 2025-03-13T15:35:50.883Z GET /api/states 304 1.339 ms
2025-03-13T15:35:58.670Z [INFO]: Fetching location for "Flamingo Las Vegas" from OpenStreetMap
2025-03-13T15:35:59.092Z [INFO]: Cached find location results for "Flamingo Las Vegas"
2025-03-13T15:35:59.093Z [INFO]: 2025-03-13T15:35:59.093Z GET /api/findlocation?q=Flamingo%20Las%20Vegas 304 422.860 ms
2025-03-13T15:35:59.094Z [INFO]: Cache hit: Find location for "Flamingo Las Vegas"
2025-03-13T15:35:59.096Z [INFO]: 2025-03-13T15:35:59.096Z GET /api/findlocation?q=Flamingo%20Las%20Vegas 304 0.945 ms
2025-03-13T15:36:17.545Z [INFO]: 2025-03-13T15:36:17.545Z GET /css/bundle.min.css 304 1.461 ms
2025-03-13T15:36:55.779Z [INFO]: 2025-03-13T15:36:55.778Z GET /location 200 10.652 ms
2025-03-13T15:37:00.330Z [INFO]: 2025-03-13T15:37:00.330Z GET /scripts/bundle.min.js 200 15.456 ms
2025-03-13T15:37:00.339Z [INFO]: 2025-03-13T15:37:00.339Z GET /css/bundle.min.css 200 2.260 ms
2025-03-13T15:37:00.350Z [INFO]: 2025-03-13T15:37:00.350Z GET /scripts/location.js   ms
2025-03-13T15:37:01.873Z [INFO]: 2025-03-13T15:37:01.873Z GET /location 304 1.113 ms
2025-03-13T15:37:01.898Z [INFO]: 2025-03-13T15:37:01.898Z GET /scripts/bundle.min.js 200 3.473 ms
2025-03-13T15:37:01.900Z [INFO]: 2025-03-13T15:37:01.900Z GET /scripts/location.js 200 5.096 ms
2025-03-13T15:37:01.914Z [INFO]: 2025-03-13T15:37:01.914Z GET /css/bundle.min.css 200 4.481 ms
2025-03-13T15:37:02.931Z [INFO]: 2025-03-13T15:37:02.931Z GET /location 304 1.218 ms
2025-03-13T15:37:02.960Z [INFO]: 2025-03-13T15:37:02.960Z GET /css/bundle.min.css 304 1.128 ms
2025-03-13T15:37:02.961Z [INFO]: 2025-03-13T15:37:02.961Z GET /scripts/bundle.min.js 304 2.534 ms
2025-03-13T15:37:02.963Z [INFO]: 2025-03-13T15:37:02.963Z GET /scripts/location.js 304 1.674 ms
2025-03-13T15:37:03.584Z [INFO]: 2025-03-13T15:37:03.584Z GET /location 304 1.219 ms
2025-03-13T15:37:03.614Z [INFO]: 2025-03-13T15:37:03.614Z GET /css/bundle.min.css 304 1.476 ms
2025-03-13T15:37:03.616Z [INFO]: 2025-03-13T15:37:03.616Z GET /scripts/bundle.min.js 304 2.225 ms
2025-03-13T15:37:03.617Z [INFO]: 2025-03-13T15:37:03.617Z GET /scripts/location.js 304 3.069 ms
2025-03-13T15:37:04.248Z [INFO]: 2025-03-13T15:37:04.248Z GET /location 304 0.789 ms
2025-03-13T15:37:04.273Z [INFO]: 2025-03-13T15:37:04.273Z GET /css/bundle.min.css 304 1.379 ms
2025-03-13T15:37:04.275Z [INFO]: 2025-03-13T15:37:04.275Z GET /scripts/bundle.min.js 304 2.323 ms
2025-03-13T15:37:04.276Z [INFO]: 2025-03-13T15:37:04.276Z GET /scripts/location.js 304 3.255 ms
2025-03-13T15:37:41.001Z [INFO]: 2025-03-13T15:37:41.001Z GET /location 200 1.460 ms
2025-03-13T15:37:41.041Z [INFO]: 2025-03-13T15:37:41.041Z GET /css/bundle.min.css 304 5.253 ms
2025-03-13T15:37:41.053Z [INFO]: 2025-03-13T15:37:41.053Z GET /libs/datatables.net/js/dataTables.min.js 200 11.485 ms
2025-03-13T15:37:41.054Z [INFO]: 2025-03-13T15:37:41.054Z GET /libs/bootstrap/dist/js/bootstrap.bundle.min.js 200 11.516 ms
2025-03-13T15:37:41.055Z [INFO]: 2025-03-13T15:37:41.055Z GET /libs/datatables.net-rowreorder/js/dataTables.rowReorder.min.js 200 11.811 ms
2025-03-13T15:37:41.056Z [INFO]: 2025-03-13T15:37:41.056Z GET /libs/datatables.net-responsive/js/dataTables.responsive.min.js 200 12.238 ms
2025-03-13T15:37:41.057Z [INFO]: 2025-03-13T15:37:41.057Z GET /libs/jquery/dist/jquery.min.js 200 14.347 ms
2025-03-13T15:37:41.067Z [INFO]: 2025-03-13T15:37:41.067Z GET /libs/jquery-ui/dist/jquery-ui.min.js 200 11.461 ms
2025-03-13T15:37:41.082Z [INFO]: 2025-03-13T15:37:41.082Z GET /libs/datatables.net-buttons/js/dataTables.buttons.min.js 200 8.602 ms
2025-03-13T15:37:41.083Z [INFO]: 2025-03-13T15:37:41.083Z GET /libs/datatables.net-colreorder/js/dataTables.colreorder.min.js 200 10.836 ms
2025-03-13T15:37:41.084Z [INFO]: 2025-03-13T15:37:41.084Z GET /libs/datatables.net-buttons/js/buttons.colVis.min.js 200 10.655 ms
2025-03-13T15:37:41.085Z [INFO]: 2025-03-13T15:37:41.085Z GET /libs/datatables.net-buttons/js/buttons.html5.min.js 200 10.950 ms
2025-03-13T15:37:41.086Z [INFO]: 2025-03-13T15:37:41.086Z GET /libs/datatables.net-autofill/js/dataTables.autoFill.min.js 200 11.246 ms
2025-03-13T15:37:41.098Z [INFO]: 2025-03-13T15:37:41.098Z GET /libs/datatables.net-select/js/dataTables.select.min.js 200 1.648 ms
2025-03-13T15:37:41.109Z [INFO]: 2025-03-13T15:37:41.109Z GET /scripts/bundle.min.js 304 0.670 ms
2025-03-13T15:37:41.112Z [INFO]: 2025-03-13T15:37:41.112Z GET /scripts/location.js 304 1.060 ms
2025-03-13T15:37:41.182Z [INFO]: 2025-03-13T15:37:41.182Z GET /libs/bootstrap/dist/js/bootstrap.bundle.min.js.map 200 1.166 ms
2025-03-13T15:37:41.252Z [INFO]: 2025-03-13T15:37:41.252Z GET /api/locations?_=1741880261104 200 4.433 ms
2025-03-13T15:37:41.256Z [INFO]: 2025-03-13T15:37:41.256Z GET /api/states 304 6.875 ms
2025-03-13T15:37:42.552Z [INFO]: 2025-03-13T15:37:42.552Z GET /api/states 304 1.706 ms
2025-03-13T15:37:58.150Z [INFO]: 2025-03-13T15:37:58.150Z GET /location 200 1.585 ms
2025-03-13T15:37:58.184Z [INFO]: 2025-03-13T15:37:58.184Z GET /css/bundle.min.css 304 2.027 ms
2025-03-13T15:37:58.186Z [INFO]: 2025-03-13T15:37:58.186Z GET /libs/jquery/dist/jquery.min.js 304 1.110 ms
2025-03-13T15:37:58.192Z [INFO]: 2025-03-13T15:37:58.192Z GET /scripts/bundle.min.js 304 3.506 ms
2025-03-13T15:37:58.193Z [INFO]: 2025-03-13T15:37:58.193Z GET /scripts/location.js 304 3.219 ms
2025-03-13T15:37:58.194Z [INFO]: 2025-03-13T15:37:58.194Z GET /libs/jquery-ui/dist/jquery-ui.min.js 304 5.580 ms
2025-03-13T15:37:58.195Z [INFO]: 2025-03-13T15:37:58.195Z GET /libs/bootstrap/dist/js/bootstrap.bundle.min.js 304 5.739 ms
2025-03-13T15:37:58.196Z [INFO]: 2025-03-13T15:37:58.196Z GET /libs/datatables.net/js/dataTables.min.js 304 5.995 ms
2025-03-13T15:37:58.282Z [INFO]: 2025-03-13T15:37:58.282Z GET /libs/bootstrap/dist/js/bootstrap.bundle.min.js.map 304 2.693 ms
2025-03-13T15:38:01.887Z [INFO]: 2025-03-13T15:38:01.887Z GET /api/states 304 1.969 ms
2025-03-13T15:40:26.072Z [INFO]: 2025-03-13T15:40:26.071Z GET /location 200 10.665 ms
2025-03-13T15:40:26.175Z [INFO]: 2025-03-13T15:40:26.175Z GET /css/bundle.min.css 200 9.006 ms
2025-03-13T15:40:26.190Z [INFO]: 2025-03-13T15:40:26.189Z GET /libs/jquery/dist/jquery.min.js 304 8.092 ms
2025-03-13T15:40:26.193Z [INFO]: 2025-03-13T15:40:26.193Z GET /libs/jquery-ui/dist/jquery-ui.min.js 304 9.083 ms
2025-03-13T15:40:26.195Z [INFO]: 2025-03-13T15:40:26.194Z GET /libs/bootstrap/dist/js/bootstrap.bundle.min.js 304 9.779 ms
2025-03-13T15:40:26.197Z [INFO]: 2025-03-13T15:40:26.197Z GET /libs/datatables.net/js/dataTables.min.js 304 10.811 ms
2025-03-13T15:40:26.204Z [INFO]: 2025-03-13T15:40:26.204Z GET /scripts/location.js 200 15.642 ms
2025-03-13T15:40:26.233Z [INFO]: 2025-03-13T15:40:26.233Z GET /scripts/bundle.min.js 200 16.179 ms
2025-03-13T15:40:26.257Z [INFO]: 2025-03-13T15:40:26.257Z GET /libs/bootstrap/dist/js/bootstrap.bundle.min.js.map 304 1.593 ms
2025-03-13T15:40:26.322Z [INFO]: 2025-03-13T15:40:26.322Z GET /scripts/bootstrap.bundle.min.js.map 404 2.436 ms
2025-03-13T15:40:26.398Z [INFO]: 2025-03-13T15:40:26.398Z GET /api/locations?_=1741880426298 200 4.153 ms
2025-03-13T15:40:26.400Z [INFO]: 2025-03-13T15:40:26.400Z GET /api/states 304 4.713 ms
2025-03-13T15:40:27.696Z [INFO]: 2025-03-13T15:40:27.696Z GET /api/states 304 1.794 ms
2025-03-13T15:40:41.510Z [INFO]: 2025-03-13T15:40:41.510Z GET /location 200 1.746 ms
2025-03-13T15:40:41.559Z [INFO]: 2025-03-13T15:40:41.559Z GET /css/bundle.min.css 304 1.130 ms
2025-03-13T15:40:41.562Z [INFO]: 2025-03-13T15:40:41.562Z GET /scripts/bundle.min.js 304 0.971 ms
2025-03-13T15:40:41.563Z [INFO]: 2025-03-13T15:40:41.563Z GET /scripts/location.js 304 1.513 ms
2025-03-13T15:40:41.630Z [INFO]: 2025-03-13T15:40:41.630Z GET /scripts/bootstrap.bundle.min.js.map 404 0.986 ms
2025-03-13T15:40:41.693Z [INFO]: 2025-03-13T15:40:41.693Z GET /api/locations?_=1741880441605 200 1.717 ms
2025-03-13T15:40:41.695Z [INFO]: 2025-03-13T15:40:41.694Z GET /api/states 304 2.118 ms
2025-03-13T15:40:43.073Z [INFO]: 2025-03-13T15:40:43.073Z GET /api/states 304 1.515 ms
2025-03-13T15:40:58.990Z [INFO]: 2025-03-13T15:40:58.989Z GET /location 304 7.113 ms
2025-03-13T15:40:59.014Z [INFO]: 2025-03-13T15:40:59.014Z GET /css/bundle.min.css 304 2.350 ms
2025-03-13T15:40:59.024Z [INFO]: 2025-03-13T15:40:59.024Z GET /scripts/location.js 200 4.893 ms
2025-03-13T15:40:59.038Z [INFO]: 2025-03-13T15:40:59.038Z GET /scripts/bundle.min.js 200 7.821 ms
2025-03-13T15:40:59.109Z [INFO]: 2025-03-13T15:40:59.109Z GET /scripts/bootstrap.bundle.min.js.map 404 2.135 ms
2025-03-13T15:40:59.184Z [INFO]: 2025-03-13T15:40:59.183Z GET /api/locations?_=1741880459086 200 4.058 ms
2025-03-13T15:40:59.187Z [INFO]: 2025-03-13T15:40:59.187Z GET /api/states 304 1.533 ms
2025-03-13T15:41:00.386Z [INFO]: 2025-03-13T15:41:00.386Z GET /api/states 304 1.193 ms
2025-03-13T15:41:43.309Z [INFO]: 2025-03-13T15:41:43.308Z GET /location 304 11.080 ms
2025-03-13T15:41:43.363Z [INFO]: 2025-03-13T15:41:43.363Z GET /css/bundle.min.css 304 2.014 ms
2025-03-13T15:41:43.370Z [INFO]: 2025-03-13T15:41:43.370Z GET /scripts/bundle.min.js 304 3.693 ms
2025-03-13T15:41:43.375Z [INFO]: 2025-03-13T15:41:43.374Z GET /scripts/location.js 404 5.215 ms
2025-03-13T15:41:43.522Z [INFO]: 2025-03-13T15:41:43.522Z GET /scripts/bootstrap.bundle.min.js.map 404 2.154 ms
2025-03-13T15:41:43.555Z [INFO]: 2025-03-13T15:41:43.555Z GET /api/locations?_=1741880503440 200 9.062 ms
2025-03-13T15:41:43.557Z [INFO]: 2025-03-13T15:41:43.557Z GET /api/states 304 8.113 ms
2025-03-13T15:46:23.193Z [INFO]: 2025-03-13T15:46:23.192Z GET /location 200 19.104 ms
2025-03-13T15:46:23.244Z [INFO]: 2025-03-13T15:46:23.244Z GET /scripts/bundle.min.js 404 2.406 ms
2025-03-13T15:46:23.259Z [INFO]: 2025-03-13T15:46:23.259Z GET /css/bundle.min.css 200 7.032 ms
2025-03-13T17:04:57.331Z [INFO]: 2025-03-13T17:04:57.329Z GET /location 200 7.793 ms
2025-03-13T17:04:57.357Z [INFO]: 2025-03-13T17:04:57.357Z GET /scripts/location/location.js 200 3.430 ms
2025-03-13T17:04:57.387Z [INFO]: 2025-03-13T17:04:57.387Z GET /css/bundle.min.css 200 3.063 ms
2025-03-13T17:04:57.391Z [INFO]: 2025-03-13T17:04:57.391Z GET /scripts/bundle.min.js 200 3.927 ms
2025-03-13T17:04:57.473Z [INFO]: 2025-03-13T17:04:57.472Z GET /scripts/bootstrap.bundle.min.js.map 404 2.305 ms
2025-03-13T17:04:57.623Z [INFO]: 2025-03-13T17:04:57.623Z GET /api/locations?_=1741885497429 200 7.843 ms
2025-03-13T17:04:57.629Z [INFO]: 2025-03-13T17:04:57.629Z GET /api/states 304 3.230 ms
2025-03-13T17:05:05.173Z [INFO]: Fetching location for "Hollywood Bowl" from OpenStreetMap
2025-03-13T17:05:07.546Z [INFO]: Cached find location results for "Hollywood Bowl"
2025-03-13T17:05:07.547Z [INFO]: 2025-03-13T17:05:07.547Z GET /api/findlocation?q=Hollywood%20Bowl 304 2374.590 ms
2025-03-13T17:05:11.140Z [INFO]: 2025-03-13T17:05:11.139Z POST /api/locations 200 12.532 ms
2025-03-13T17:05:12.117Z [INFO]: 2025-03-13T17:05:12.117Z GET /api/locations?_=1741885497430 200 1.368 ms
2025-03-13T17:05:20.072Z [INFO]: 2025-03-13T17:05:20.072Z DELETE /api/locations/9 200 14.911 ms
2025-03-13T17:05:21.198Z [INFO]: 2025-03-13T17:05:21.198Z GET /api/locations?_=1741885497431 200 1.557 ms
2025-03-13T17:09:50.867Z [INFO]: 2025-03-13T17:09:50.866Z GET /location 304 7.321 ms
2025-03-13T17:09:50.903Z [INFO]: 2025-03-13T17:09:50.903Z GET /css/bundle.min.css 304 2.903 ms
2025-03-13T17:09:50.923Z [INFO]: 2025-03-13T17:09:50.923Z GET /scripts/location/location.js 200 9.254 ms
2025-03-13T17:09:50.959Z [INFO]: 2025-03-13T17:09:50.959Z GET /scripts/bundle.min.js 200 15.154 ms
2025-03-13T17:09:51.036Z [INFO]: 2025-03-13T17:09:51.036Z GET /scripts/bootstrap.bundle.min.js.map 404 3.467 ms
2025-03-13T17:09:51.096Z [INFO]: 2025-03-13T17:09:51.096Z GET /api/locations?_=1741885791004 200 5.403 ms
2025-03-13T17:09:51.106Z [INFO]: 2025-03-13T17:09:51.102Z GET /api/states 304 4.181 ms
2025-03-13T17:10:38.119Z [INFO]: 2025-03-13T17:10:38.119Z GET /location 200 1.885 ms
2025-03-13T17:10:38.144Z [INFO]: 2025-03-13T17:10:38.144Z GET /css/bundle.min.css 304 2.577 ms
2025-03-13T17:10:38.148Z [INFO]: 2025-03-13T17:10:38.148Z GET /scripts/bundle.min.js 304 4.281 ms
2025-03-13T17:10:38.151Z [INFO]: 2025-03-13T17:10:38.151Z GET /scripts/location/location.js 304 4.107 ms
2025-03-13T17:10:38.297Z [INFO]: 2025-03-13T17:10:38.297Z GET /api/locations?_=1741885838208 200 2.200 ms
2025-03-13T17:10:38.299Z [INFO]: 2025-03-13T17:10:38.299Z GET /api/states 304 3.489 ms
2025-03-13T17:30:46.556Z [INFO]: 2025-03-13T17:30:46.555Z GET /location 200 9.247 ms
2025-03-13T17:30:46.587Z [INFO]: 2025-03-13T17:30:46.587Z GET /css/bundle.min.css 200 2.029 ms
2025-03-13T17:30:46.589Z [INFO]: 2025-03-13T17:30:46.589Z GET /scripts/location/location.js 200 4.948 ms
2025-03-13T17:30:46.601Z [INFO]: 2025-03-13T17:30:46.601Z GET /scripts/bundle.min.js 200 2.711 ms
2025-03-13T17:30:46.703Z [INFO]: 2025-03-13T17:30:46.703Z GET /api/locations?_=1741887046629 200 8.148 ms
2025-03-13T17:30:46.711Z [INFO]: 2025-03-13T17:30:46.711Z GET /api/states 304 5.647 ms
2025-03-13T17:30:50.276Z [INFO]: 2025-03-13T17:30:50.276Z DELETE /api/locations/4 200 24.884 ms
2025-03-13T17:30:50.931Z [INFO]: 2025-03-13T17:30:50.931Z GET /api/locations?_=1741887046630 200 1.114 ms
2025-03-13T17:30:56.876Z [INFO]: 2025-03-13T17:30:56.876Z GET /css/bundle.min.css 304 4.262 ms
2025-03-13T17:30:56.973Z [INFO]: 2025-03-13T17:30:56.973Z GET /scripts/bootstrap.bundle.min.js.map 404 9.835 ms
2025-03-13T17:31:00.297Z [INFO]: 2025-03-13T17:31:00.296Z GET /scripts/bootstrap.bundle.min.js.map 404 0.961 ms
